<testsuite name="Mocha Sample" tests="6" failures="0" errors="0" skipped="0" timestamp="Mon, 12 Sep 2022 13:10:56 GMT" time="0.003">
<testcase classname="" name="should add to numbers from an es module" time="0.001"/>
<testcase classname="" name="should add to numbers from an es module" time="0"/>
<testcase classname="" name="does not match from an es module" time="0"/>
<testcase classname="Array #indexOf()" name="should return -1 when the value is not present" time="0"/>
<testcase classname="Array #indexOf()" name="should return -1 when the value is not present" time="0"/>
<testcase classname="Validation" name="isValidNumber" time="0"/>
</testsuite>
